[     141ms] [INFO] %cDownload the React DevTools for a better development experience: https://react.dev/link/react-devtools font-weight:bold @ http://localhost:3000/_next/static/chunks/0w-c_next_dist_0p-2-1e._.js:2431
[     164ms] [LOG] [HMR] connected @ http://localhost:3000/_next/static/chunks/0w-c_next_dist_0p-2-1e._.js:2431
[     477ms] [WARNING] Image with src "/icons/actions/simple_menu.png" was detected as the Largest Contentful Paint (LCP). Please add the `loading="eager"` property if this image is above the fold.
Read more: https://nextjs.org/docs/app/api-reference/components/image#loading @ http://localhost:3000/_next/static/chunks/0w-c_next_dist_0p-2-1e._.js:2431
[   38663ms] [LOG] [Fast Refresh] rebuilding @ http://localhost:3000/_next/static/chunks/0w-c_next_dist_0p-2-1e._.js:2431
[   38891ms] [LOG] [Fast Refresh] done in 48ms @ http://localhost:3000/_next/static/chunks/0w-c_next_dist_0p-2-1e._.js:2431
[  315605ms] [LOG] [Fast Refresh] rebuilding @ http://localhost:3000/_next/static/chunks/0w-c_next_dist_0p-2-1e._.js:2431
[  315762ms] [LOG] [Fast Refresh] done in 269ms @ http://localhost:3000/_next/static/chunks/0w-c_next_dist_0p-2-1e._.js:2431
[  326316ms] [LOG] [Fast Refresh] rebuilding @ http://localhost:3000/_next/static/chunks/0w-c_next_dist_0p-2-1e._.js:2431
[  326327ms] [LOG] [Fast Refresh] done in 113ms @ http://localhost:3000/_next/static/chunks/0w-c_next_dist_0p-2-1e._.js:2431
[  327066ms] [LOG] [Fast Refresh] rebuilding @ http://localhost:3000/_next/static/chunks/0w-c_next_dist_0p-2-1e._.js:2431
[  327087ms] [LOG] [Fast Refresh] done in 124ms @ http://localhost:3000/_next/static/chunks/0w-c_next_dist_0p-2-1e._.js:2431
[  350350ms] [LOG] [Fast Refresh] rebuilding @ http://localhost:3000/_next/static/chunks/0w-c_next_dist_0p-2-1e._.js:2431
[  350393ms] [LOG] [Fast Refresh] done in 55ms @ http://localhost:3000/_next/static/chunks/0w-c_next_dist_0p-2-1e._.js:2431
[  381417ms] [LOG] [HMR] connected @ http://localhost:3000/_next/static/chunks/0w-c_next_dist_0p-2-1e._.js:2431
[  384079ms] [INFO] %cDownload the React DevTools for a better development experience: https://react.dev/link/react-devtools font-weight:bold @ http://localhost:3000/_next/static/chunks/0w-c_next_dist_0p-2-1e._.js:2431
[  384123ms] [LOG] [HMR] connected @ http://localhost:3000/_next/static/chunks/0w-c_next_dist_0p-2-1e._.js:2431
[  485649ms] [LOG] [Fast Refresh] rebuilding @ http://localhost:3000/_next/static/chunks/0w-c_next_dist_0p-2-1e._.js:2431
[  486131ms] [LOG] [Fast Refresh] done in 282ms @ http://localhost:3000/_next/static/chunks/0w-c_next_dist_0p-2-1e._.js:2431
[  486254ms] [LOG] [Fast Refresh] rebuilding @ http://localhost:3000/_next/static/chunks/0w-c_next_dist_0p-2-1e._.js:2431
[  486398ms] [LOG] [Fast Refresh] done in 250ms @ http://localhost:3000/_next/static/chunks/0w-c_next_dist_0p-2-1e._.js:2431
[  513622ms] [LOG] [Fast Refresh] rebuilding @ http://localhost:3000/_next/static/chunks/0w-c_next_dist_0p-2-1e._.js:2431
[  513815ms] [LOG] [Fast Refresh] done in 180ms @ http://localhost:3000/_next/static/chunks/0w-c_next_dist_0p-2-1e._.js:2431
[  520771ms] [LOG] [Fast Refresh] rebuilding @ http://localhost:3000/_next/static/chunks/0w-c_next_dist_0p-2-1e._.js:2431
[  520771ms] [LOG] [Fast Refresh] done in 105ms @ http://localhost:3000/_next/static/chunks/0w-c_next_dist_0p-2-1e._.js:2431
[  529803ms] [LOG] [Fast Refresh] rebuilding @ http://localhost:3000/_next/static/chunks/0w-c_next_dist_0p-2-1e._.js:2431
[  529983ms] [LOG] [Fast Refresh] done in 292ms @ http://localhost:3000/_next/static/chunks/0w-c_next_dist_0p-2-1e._.js:2431
[  560053ms] [LOG] [Fast Refresh] rebuilding @ http://localhost:3000/_next/static/chunks/0w-c_next_dist_0p-2-1e._.js:2431
[  560388ms] [LOG] [Fast Refresh] done in 68ms @ http://localhost:3000/_next/static/chunks/0w-c_next_dist_0p-2-1e._.js:2431
[  569132ms] [LOG] [Fast Refresh] rebuilding @ http://localhost:3000/_next/static/chunks/0w-c_next_dist_0p-2-1e._.js:2431
[  569155ms] [LOG] [Fast Refresh] done in 86ms @ http://localhost:3000/_next/static/chunks/0w-c_next_dist_0p-2-1e._.js:2431
[  569811ms] [LOG] [Fast Refresh] rebuilding @ http://localhost:3000/_next/static/chunks/0w-c_next_dist_0p-2-1e._.js:2431
[  569855ms] [LOG] [Fast Refresh] done in 154ms @ http://localhost:3000/_next/static/chunks/0w-c_next_dist_0p-2-1e._.js:2431
[  625463ms] [LOG] [Fast Refresh] rebuilding @ http://localhost:3000/_next/static/chunks/0w-c_next_dist_0p-2-1e._.js:2431
[  625735ms] [LOG] [Fast Refresh] done in 62ms @ http://localhost:3000/_next/static/chunks/0w-c_next_dist_0p-2-1e._.js:2431
[  625842ms] [LOG] [Fast Refresh] rebuilding @ http://localhost:3000/_next/static/chunks/0w-c_next_dist_0p-2-1e._.js:2431
[  625898ms] [LOG] [Fast Refresh] done in 157ms @ http://localhost:3000/_next/static/chunks/0w-c_next_dist_0p-2-1e._.js:2431
[  633777ms] [LOG] [Fast Refresh] rebuilding @ http://localhost:3000/_next/static/chunks/0w-c_next_dist_0p-2-1e._.js:2431
[  634060ms] [LOG] [Fast Refresh] done in 57ms @ http://localhost:3000/_next/static/chunks/0w-c_next_dist_0p-2-1e._.js:2431
[  634183ms] [LOG] [Fast Refresh] rebuilding @ http://localhost:3000/_next/static/chunks/0w-c_next_dist_0p-2-1e._.js:2431
[  634233ms] [LOG] [Fast Refresh] done in 161ms @ http://localhost:3000/_next/static/chunks/0w-c_next_dist_0p-2-1e._.js:2431
[  658822ms] [LOG] [Fast Refresh] rebuilding @ http://localhost:3000/_next/static/chunks/0w-c_next_dist_0p-2-1e._.js:2431
[  659181ms] [LOG] [Fast Refresh] done in 475ms @ http://localhost:3000/_next/static/chunks/0w-c_next_dist_0p-2-1e._.js:2431
[  750994ms] [LOG] [Fast Refresh] rebuilding @ http://localhost:3000/_next/static/chunks/0w-c_next_dist_0p-2-1e._.js:2431
[  751231ms] [LOG] [Fast Refresh] done in 100ms @ http://localhost:3000/_next/static/chunks/0w-c_next_dist_0p-2-1e._.js:2431
[  751353ms] [LOG] [Fast Refresh] rebuilding @ http://localhost:3000/_next/static/chunks/0w-c_next_dist_0p-2-1e._.js:2431
[  751396ms] [LOG] [Fast Refresh] done in 152ms @ http://localhost:3000/_next/static/chunks/0w-c_next_dist_0p-2-1e._.js:2431
[  780691ms] [LOG] [Fast Refresh] rebuilding @ http://localhost:3000/_next/static/chunks/0w-c_next_dist_0p-2-1e._.js:2431
[  780738ms] [LOG] [Fast Refresh] done in 146ms @ http://localhost:3000/_next/static/chunks/0w-c_next_dist_0p-2-1e._.js:2431
[  780852ms] [LOG] [Fast Refresh] rebuilding @ http://localhost:3000/_next/static/chunks/0w-c_next_dist_0p-2-1e._.js:2431
[  781026ms] [LOG] [Fast Refresh] done in 287ms @ http://localhost:3000/_next/static/chunks/0w-c_next_dist_0p-2-1e._.js:2431
[  781202ms] [LOG] [Fast Refresh] rebuilding @ http://localhost:3000/_next/static/chunks/0w-c_next_dist_0p-2-1e._.js:2431
[  781374ms] [LOG] [Fast Refresh] done in 273ms @ http://localhost:3000/_next/static/chunks/0w-c_next_dist_0p-2-1e._.js:2431
[  800743ms] [LOG] [Fast Refresh] rebuilding @ http://localhost:3000/_next/static/chunks/0w-c_next_dist_0p-2-1e._.js:2431
[  801124ms] [LOG] [Fast Refresh] done in 495ms @ http://localhost:3000/_next/static/chunks/0w-c_next_dist_0p-2-1e._.js:2431
[  946482ms] [LOG] [Fast Refresh] rebuilding @ http://localhost:3000/_next/static/chunks/0w-c_next_dist_0p-2-1e._.js:2431
[  946498ms] [LOG] [Fast Refresh] done in 47ms @ http://localhost:3000/_next/static/chunks/0w-c_next_dist_0p-2-1e._.js:2431
[  955294ms] [LOG] [Fast Refresh] rebuilding @ http://localhost:3000/_next/static/chunks/0w-c_next_dist_0p-2-1e._.js:2431
[  955692ms] [LOG] [Fast Refresh] done in 512ms @ http://localhost:3000/_next/static/chunks/0w-c_next_dist_0p-2-1e._.js:2431
[ 1124903ms] [LOG] [Fast Refresh] rebuilding @ http://localhost:3000/_next/static/chunks/0w-c_next_dist_0p-2-1e._.js:2431
[ 1124941ms] [LOG] [Fast Refresh] done in 78ms @ http://localhost:3000/_next/static/chunks/0w-c_next_dist_0p-2-1e._.js:2431
[ 1137853ms] [LOG] [Fast Refresh] rebuilding @ http://localhost:3000/_next/static/chunks/0w-c_next_dist_0p-2-1e._.js:2431
[ 1137886ms] [LOG] [Fast Refresh] done in 30ms @ http://localhost:3000/_next/static/chunks/0w-c_next_dist_0p-2-1e._.js:2431
[ 1148868ms] [LOG] [Fast Refresh] rebuilding @ http://localhost:3000/_next/static/chunks/0w-c_next_dist_0p-2-1e._.js:2431
[ 1148900ms] [LOG] [Fast Refresh] done in 31ms @ http://localhost:3000/_next/static/chunks/0w-c_next_dist_0p-2-1e._.js:2431
[ 1685370ms] [LOG] [Fast Refresh] rebuilding @ http://localhost:3000/_next/static/chunks/0w-c_next_dist_0p-2-1e._.js:2431
[ 1685720ms] [LOG] [Fast Refresh] done in 454ms @ http://localhost:3000/_next/static/chunks/0w-c_next_dist_0p-2-1e._.js:2431
[ 1702426ms] [ERROR] WebSocket connection to 'ws://localhost:3000/_next/webpack-hmr?id=51ok2J3ht7CL8wg1Br-ve' failed: Error in connection establishment: net::ERR_CONNECTION_REFUSED @ http://localhost:3000/_next/static/chunks/0w-c_next_dist_client_0xohfo_._.js:13299
[ 1712665ms] [ERROR] WebSocket connection to 'ws://localhost:3000/_next/webpack-hmr?id=51ok2J3ht7CL8wg1Br-ve' failed: Error in connection establishment: net::ERR_CONNECTION_REFUSED @ http://localhost:3000/_next/static/chunks/0w-c_next_dist_client_0xohfo_._.js:13299
[ 1714691ms] [LOG] [HMR] connected @ http://localhost:3000/_next/static/chunks/0w-c_next_dist_0p-2-1e._.js:2431
[ 1723758ms] [INFO] %cDownload the React DevTools for a better development experience: https://react.dev/link/react-devtools font-weight:bold @ http://localhost:3000/_next/static/chunks/0w-c_next_dist_0p-2-1e._.js:2431
[ 1723928ms] [LOG] [HMR] connected @ http://localhost:3000/_next/static/chunks/0w-c_next_dist_0p-2-1e._.js:2431
