[     844ms] [INFO] %cDownload the React DevTools for a better development experience: https://react.dev/link/react-devtools font-weight:bold @ http://localhost:3000/_next/static/chunks/0w-c_next_dist_0p-2-1e._.js:2431
[     964ms] [LOG] [HMR] connected @ http://localhost:3000/_next/static/chunks/0w-c_next_dist_0p-2-1e._.js:2431
[     997ms] [ERROR] ./Desktop/dev/CookPilot Web/src/components/Hero.tsx:121:42
Expected '</', got '}'
Parsing ecmascript source code failed

Import trace:
  Server Component:
    ./Desktop/dev/CookPilot Web/src/components/Hero.tsx
    ./Desktop/dev/CookPilot Web/src/components/HomePageContent.tsx
    ./Desktop/dev/CookPilot Web/src/app/es/page.tsx @ http://localhost:3000/_next/static/chunks/0w-c_next_dist_0p-2-1e._.js:3272
[    1111ms] [ERROR] ./Desktop/dev/CookPilot Web/src/components/Hero.tsx:121:42
Expected '</', got '}'
Parsing ecmascript source code failed

Import trace:
  Server Component:
    ./Desktop/dev/CookPilot Web/src/components/Hero.tsx
    ./Desktop/dev/CookPilot Web/src/components/HomePageContent.tsx
    ./Desktop/dev/CookPilot Web/src/app/es/page.tsx @ http://localhost:3000/_next/static/chunks/0w-c_next_dist_0p-2-1e._.js:3272
[    1184ms] [LOG] [Fast Refresh] rebuilding @ http://localhost:3000/_next/static/chunks/0w-c_next_dist_0p-2-1e._.js:2431
[    1235ms] [ERROR] ./Desktop/dev/CookPilot Web/src/components/Hero.tsx:121:42
Expected '</', got '}'
Parsing ecmascript source code failed

Import trace:
  Server Component:
    ./Desktop/dev/CookPilot Web/src/components/Hero.tsx
    ./Desktop/dev/CookPilot Web/src/components/HomePageContent.tsx
    ./Desktop/dev/CookPilot Web/src/app/es/page.tsx @ http://localhost:3000/_next/static/chunks/0w-c_next_dist_0p-2-1e._.js:3272
[    1249ms] [ERROR] A tree hydrated but some attributes of the server rendered HTML didn't match the client properties. This won't be patched up. This can happen if a SSR-ed Client Component used:

- A server/client branch `if (typeof window !== 'undefined')`.
- Variable input such as `Date.now()` or `Math.random()` which changes each time it's called.
- Date formatting in a user's locale which doesn't match the server.
- External changing data without sending a snapshot of it along with the HTML.
- Invalid HTML tag nesting.

It can also happen if the client has a browser extension installed which messes with the HTML before React loaded.

%s%s https://react.dev/link/hydration-mismatch 

  ...
    <HotReload globalError={[...]} webSocket={WebSocket} staticIndicatorState={{pathname:null, ...}}>
      <AppDevOverlayErrorBoundary globalError={[...]}>
        <ReplaySsrOnlyErrors>
        <DevRootHTTPAccessFallbackBoundary>
          <HTTPAccessFallbackBoundary notFound={<NotAllowedRootHTTPFallbackError>}>
            <HTTPAccessFallbackErrorBoundary pathname="/es/como-f..." notFound={<NotAllowedRootHTTPFallbackError>} ...>
              <RedirectBoundary>
                <RedirectErrorBoundary router={{...}}>
                  <Head>
                  <__next_root_layout_boundary__>
                    <SegmentViewNode type="layout" pagePath="layout.tsx">
                      <SegmentTrieNode>
                      <link>
                      <script>
                      <script>
                      <script>
                      <script>
                      <script>
                      <script>
                      <RootLayout>
                        <html lang="es" data-theme="dark" className="outfit_b01...">
                          <head>
                          <body
-                           style={{padding-right:"15px",overflow-x:"hidden",overflow-y:"hidden"}}
                          >
                  ...
 @ http://localhost:3000/_next/static/chunks/0w-c_next_dist_0p-2-1e._.js:3272
[    1295ms] [ERROR] ./Desktop/dev/CookPilot Web/src/components/Hero.tsx:121:42
Expected '</', got '}'
Parsing ecmascript source code failed

Import trace:
  Server Component:
    ./Desktop/dev/CookPilot Web/src/components/Hero.tsx
    ./Desktop/dev/CookPilot Web/src/components/HomePageContent.tsx
    ./Desktop/dev/CookPilot Web/src/app/es/page.tsx @ http://localhost:3000/_next/static/chunks/0w-c_next_dist_0p-2-1e._.js:3272
[    1354ms] [LOG] [Fast Refresh] rebuilding @ http://localhost:3000/_next/static/chunks/0w-c_next_dist_0p-2-1e._.js:2431
[    1606ms] [ERROR] ./Desktop/dev/CookPilot Web/src/components/Hero.tsx:121:42
Expected '</', got '}'
Parsing ecmascript source code failed

Import trace:
  Server Component:
    ./Desktop/dev/CookPilot Web/src/components/Hero.tsx
    ./Desktop/dev/CookPilot Web/src/components/HomePageContent.tsx
    ./Desktop/dev/CookPilot Web/src/app/es/page.tsx @ http://localhost:3000/_next/static/chunks/0w-c_next_dist_0p-2-1e._.js:3272
[    1630ms] [LOG] [Fast Refresh] rebuilding @ http://localhost:3000/_next/static/chunks/0w-c_next_dist_0p-2-1e._.js:2431
[   19059ms] [LOG] [Fast Refresh] rebuilding @ http://localhost:3000/_next/static/chunks/0w-c_next_dist_0p-2-1e._.js:2431
[   19449ms] [LOG] [Fast Refresh] done in 490ms @ http://localhost:3000/_next/static/chunks/0w-c_next_dist_0p-2-1e._.js:2431
[   19560ms] [LOG] [Fast Refresh] rebuilding @ http://localhost:3000/_next/static/chunks/0w-c_next_dist_0p-2-1e._.js:2431
[   19756ms] [LOG] [Fast Refresh] done in 303ms @ http://localhost:3000/_next/static/chunks/0w-c_next_dist_0p-2-1e._.js:2431
[   19877ms] [LOG] [Fast Refresh] rebuilding @ http://localhost:3000/_next/static/chunks/0w-c_next_dist_0p-2-1e._.js:2431
[   20092ms] [LOG] [Fast Refresh] done in 320ms @ http://localhost:3000/_next/static/chunks/0w-c_next_dist_0p-2-1e._.js:2431
[   20213ms] [LOG] [Fast Refresh] rebuilding @ http://localhost:3000/_next/static/chunks/0w-c_next_dist_0p-2-1e._.js:2431
[   20415ms] [LOG] [Fast Refresh] done in 303ms @ http://localhost:3000/_next/static/chunks/0w-c_next_dist_0p-2-1e._.js:2431
[  127631ms] [LOG] [Fast Refresh] rebuilding @ http://localhost:3000/_next/static/chunks/0w-c_next_dist_0p-2-1e._.js:2431
[  127640ms] [LOG] [Fast Refresh] done in 88ms @ http://localhost:3000/_next/static/chunks/0w-c_next_dist_0p-2-1e._.js:2431
[  127758ms] [LOG] [Fast Refresh] rebuilding @ http://localhost:3000/_next/static/chunks/0w-c_next_dist_0p-2-1e._.js:2431
[  127902ms] [LOG] [Fast Refresh] done in 257ms @ http://localhost:3000/_next/static/chunks/0w-c_next_dist_0p-2-1e._.js:2431
