[     163ms] [LOG] [Fast Refresh] rebuilding @ http://localhost:3000/_next/static/chunks/0w-c_next_dist_0p-2-1e._.js:2431
[     954ms] [LOG] [Fast Refresh] done in 904ms @ http://localhost:3000/_next/static/chunks/0w-c_next_dist_0p-2-1e._.js:2431
[    1052ms] [INFO] %cDownload the React DevTools for a better development experience: https://react.dev/link/react-devtools font-weight:bold @ http://localhost:3000/_next/static/chunks/0w-c_next_dist_0p-2-1e._.js:2431
[    1092ms] [LOG] [HMR] connected @ http://localhost:3000/_next/static/chunks/0w-c_next_dist_0p-2-1e._.js:2431
[   15518ms] [LOG] [Fast Refresh] rebuilding @ http://localhost:3000/_next/static/chunks/0w-c_next_dist_0p-2-1e._.js:2431
[   15955ms] [WARNING] [Fast Refresh] performing full reload

Fast Refresh will perform a full reload when you edit a file that's imported by modules outside of the React rendering tree.
You might have a file which exports a React component but also exports a value that is imported by a non-React component file.
Consider migrating the non-React component export to a separate file and importing it into both files.

It is also possible the parent component of the component you edited is a class component, which disables Fast Refresh.
Fast Refresh requires at least one parent function component in your React tree. @ http://localhost:3000/_next/static/chunks/0w-c_next_dist_0p-2-1e._.js:2431
[   16025ms] [LOG] [Fast Refresh] done in 545ms @ http://localhost:3000/_next/static/chunks/0w-c_next_dist_0p-2-1e._.js:2431
[   16131ms] [LOG] [Fast Refresh] rebuilding @ http://localhost:3000/_next/static/chunks/0w-c_next_dist_0p-2-1e._.js:2431
[   16869ms] [LOG] [Fast Refresh] done in 840ms @ http://localhost:3000/_next/static/chunks/0w-c_next_dist_0p-2-1e._.js:2431
[   16986ms] [LOG] [Fast Refresh] rebuilding @ http://localhost:3000/_next/static/chunks/0w-c_next_dist_0p-2-1e._.js:2431
[   17434ms] [LOG] [Fast Refresh] done in 549ms @ http://localhost:3000/_next/static/chunks/0w-c_next_dist_0p-2-1e._.js:2431
[   17766ms] [INFO] %cDownload the React DevTools for a better development experience: https://react.dev/link/react-devtools font-weight:bold @ http://localhost:3000/_next/static/chunks/0w-c_next_dist_0p-2-1e._.js:2431
[   17813ms] [LOG] [HMR] connected @ http://localhost:3000/_next/static/chunks/0w-c_next_dist_0p-2-1e._.js:2431
[   28006ms] [LOG] [Fast Refresh] rebuilding @ http://localhost:3000/_next/static/chunks/0w-c_next_dist_0p-2-1e._.js:2431
[   28064ms] [WARNING] [Fast Refresh] performing full reload

Fast Refresh will perform a full reload when you edit a file that's imported by modules outside of the React rendering tree.
You might have a file which exports a React component but also exports a value that is imported by a non-React component file.
Consider migrating the non-React component export to a separate file and importing it into both files.

It is also possible the parent component of the component you edited is a class component, which disables Fast Refresh.
Fast Refresh requires at least one parent function component in your React tree. @ http://localhost:3000/_next/static/chunks/0w-c_next_dist_0p-2-1e._.js:2431
[   28103ms] [LOG] [Fast Refresh] done in 167ms @ http://localhost:3000/_next/static/chunks/0w-c_next_dist_0p-2-1e._.js:2431
[   28240ms] [LOG] [Fast Refresh] rebuilding @ http://localhost:3000/_next/static/chunks/0w-c_next_dist_0p-2-1e._.js:2431
[   28994ms] [LOG] [Fast Refresh] done in 855ms @ http://localhost:3000/_next/static/chunks/0w-c_next_dist_0p-2-1e._.js:2431
[   29105ms] [LOG] [Fast Refresh] rebuilding @ http://localhost:3000/_next/static/chunks/0w-c_next_dist_0p-2-1e._.js:2431
[   29390ms] [LOG] [Fast Refresh] done in 395ms @ http://localhost:3000/_next/static/chunks/0w-c_next_dist_0p-2-1e._.js:2431
[   29634ms] [INFO] %cDownload the React DevTools for a better development experience: https://react.dev/link/react-devtools font-weight:bold @ http://localhost:3000/_next/static/chunks/0w-c_next_dist_0p-2-1e._.js:2431
[   29675ms] [LOG] [HMR] connected @ http://localhost:3000/_next/static/chunks/0w-c_next_dist_0p-2-1e._.js:2431
[   57871ms] [LOG] [Fast Refresh] rebuilding @ http://localhost:3000/_next/static/chunks/0w-c_next_dist_0p-2-1e._.js:2431
[   58251ms] [LOG] [Fast Refresh] done in 487ms @ http://localhost:3000/_next/static/chunks/0w-c_next_dist_0p-2-1e._.js:2431
[   58368ms] [LOG] [Fast Refresh] rebuilding @ http://localhost:3000/_next/static/chunks/0w-c_next_dist_0p-2-1e._.js:2431
[   58601ms] [LOG] [Fast Refresh] done in 341ms @ http://localhost:3000/_next/static/chunks/0w-c_next_dist_0p-2-1e._.js:2431
[   80040ms] [LOG] [Fast Refresh] rebuilding @ http://localhost:3000/_next/static/chunks/0w-c_next_dist_0p-2-1e._.js:2431
[   80390ms] [LOG] [Fast Refresh] done in 453ms @ http://localhost:3000/_next/static/chunks/0w-c_next_dist_0p-2-1e._.js:2431
[   80504ms] [LOG] [Fast Refresh] rebuilding @ http://localhost:3000/_next/static/chunks/0w-c_next_dist_0p-2-1e._.js:2431
[   80808ms] [LOG] [Fast Refresh] done in 408ms @ http://localhost:3000/_next/static/chunks/0w-c_next_dist_0p-2-1e._.js:2431
[  272815ms] [LOG] [Fast Refresh] rebuilding @ http://localhost:3000/_next/static/chunks/0w-c_next_dist_0p-2-1e._.js:2431
[  273016ms] [LOG] [Fast Refresh] done in 315ms @ http://localhost:3000/_next/static/chunks/0w-c_next_dist_0p-2-1e._.js:2431
[  686057ms] [LOG] [Fast Refresh] rebuilding @ http://localhost:3000/_next/static/chunks/0w-c_next_dist_0p-2-1e._.js:2431
[  687027ms] [LOG] [Fast Refresh] done in 968ms @ http://localhost:3000/_next/static/chunks/0w-c_next_dist_0p-2-1e._.js:2431
[  688462ms] [LOG] [Fast Refresh] rebuilding @ http://localhost:3000/_next/static/chunks/0w-c_next_dist_0p-2-1e._.js:2431
[  691185ms] [LOG] [Fast Refresh] done in 2824ms @ http://localhost:3000/_next/static/chunks/0w-c_next_dist_0p-2-1e._.js:2431
[  725804ms] [LOG] [Fast Refresh] rebuilding @ http://localhost:3000/_next/static/chunks/0w-c_next_dist_0p-2-1e._.js:2431
[  726481ms] [LOG] [Fast Refresh] done in 776ms @ http://localhost:3000/_next/static/chunks/0w-c_next_dist_0p-2-1e._.js:2431
[  726598ms] [LOG] [Fast Refresh] rebuilding @ http://localhost:3000/_next/static/chunks/0w-c_next_dist_0p-2-1e._.js:2431
[  727719ms] [LOG] [Fast Refresh] done in 1229ms @ http://localhost:3000/_next/static/chunks/0w-c_next_dist_0p-2-1e._.js:2431
[  727849ms] [LOG] [Fast Refresh] rebuilding @ http://localhost:3000/_next/static/chunks/0w-c_next_dist_0p-2-1e._.js:2431
[  727873ms] [LOG] [Fast Refresh] done in 130ms @ http://localhost:3000/_next/static/chunks/0w-c_next_dist_0p-2-1e._.js:2431
[  727999ms] [LOG] [Fast Refresh] rebuilding @ http://localhost:3000/_next/static/chunks/0w-c_next_dist_0p-2-1e._.js:2431
[  728005ms] [LOG] [Fast Refresh] done in 115ms @ http://localhost:3000/_next/static/chunks/0w-c_next_dist_0p-2-1e._.js:2431
[  756778ms] [LOG] [Fast Refresh] rebuilding @ http://localhost:3000/_next/static/chunks/0w-c_next_dist_0p-2-1e._.js:2431
[  757968ms] [ERROR] ./Desktop/dev/CookPilot Web/src/components/GuiasContent.tsx:142:20
the name `useEffect` is defined multiple times
Ecmascript file had an error

Import trace:
  Server Component:
    ./Desktop/dev/CookPilot Web/src/components/GuiasContent.tsx
    ./Desktop/dev/CookPilot Web/src/app/es/guias/page.tsx @ http://localhost:3000/_next/static/chunks/0w-c_next_dist_0p-2-1e._.js:3272
[  758148ms] [LOG] [Fast Refresh] rebuilding @ http://localhost:3000/_next/static/chunks/0w-c_next_dist_0p-2-1e._.js:2431
[  758370ms] [ERROR] ./Desktop/dev/CookPilot Web/src/components/GuiasContent.tsx:142:20
the name `useEffect` is defined multiple times
Ecmascript file had an error

Import trace:
  Server Component:
    ./Desktop/dev/CookPilot Web/src/components/GuiasContent.tsx
    ./Desktop/dev/CookPilot Web/src/app/es/guias/page.tsx @ http://localhost:3000/_next/static/chunks/0w-c_next_dist_0p-2-1e._.js:3272
[  758498ms] [LOG] [Fast Refresh] rebuilding @ http://localhost:3000/_next/static/chunks/0w-c_next_dist_0p-2-1e._.js:2431
[  758541ms] [ERROR] ./Desktop/dev/CookPilot Web/src/components/GuiasContent.tsx:142:20
the name `useEffect` is defined multiple times
Ecmascript file had an error

Import trace:
  Server Component:
    ./Desktop/dev/CookPilot Web/src/components/GuiasContent.tsx
    ./Desktop/dev/CookPilot Web/src/app/es/guias/page.tsx @ http://localhost:3000/_next/static/chunks/0w-c_next_dist_0p-2-1e._.js:3272
[  758664ms] [LOG] [Fast Refresh] rebuilding @ http://localhost:3000/_next/static/chunks/0w-c_next_dist_0p-2-1e._.js:2431
[  758804ms] [ERROR] ./Desktop/dev/CookPilot Web/src/components/GuiasContent.tsx:142:20
the name `useEffect` is defined multiple times
Ecmascript file had an error

Import trace:
  Server Component:
    ./Desktop/dev/CookPilot Web/src/components/GuiasContent.tsx
    ./Desktop/dev/CookPilot Web/src/app/es/guias/page.tsx @ http://localhost:3000/_next/static/chunks/0w-c_next_dist_0p-2-1e._.js:3272
[  798561ms] [LOG] [Fast Refresh] rebuilding @ http://localhost:3000/_next/static/chunks/0w-c_next_dist_0p-2-1e._.js:2431
[  798669ms] [LOG] [Fast Refresh] done in 204ms @ http://localhost:3000/_next/static/chunks/0w-c_next_dist_0p-2-1e._.js:2431
[  798787ms] [LOG] [Fast Refresh] rebuilding @ http://localhost:3000/_next/static/chunks/0w-c_next_dist_0p-2-1e._.js:2431
[  799583ms] [LOG] [Fast Refresh] done in 898ms @ http://localhost:3000/_next/static/chunks/0w-c_next_dist_0p-2-1e._.js:2431
[  799704ms] [LOG] [Fast Refresh] rebuilding @ http://localhost:3000/_next/static/chunks/0w-c_next_dist_0p-2-1e._.js:2431
[  799747ms] [LOG] [Fast Refresh] done in 146ms @ http://localhost:3000/_next/static/chunks/0w-c_next_dist_0p-2-1e._.js:2431
[  840716ms] [LOG] [Fast Refresh] rebuilding @ http://localhost:3000/_next/static/chunks/0w-c_next_dist_0p-2-1e._.js:2431
[  840725ms] [LOG] [Fast Refresh] done in 84ms @ http://localhost:3000/_next/static/chunks/0w-c_next_dist_0p-2-1e._.js:2431
[  840835ms] [LOG] [Fast Refresh] rebuilding @ http://localhost:3000/_next/static/chunks/0w-c_next_dist_0p-2-1e._.js:2431
[  841023ms] [LOG] [Fast Refresh] done in 291ms @ http://localhost:3000/_next/static/chunks/0w-c_next_dist_0p-2-1e._.js:2431
[  861405ms] [LOG] [Fast Refresh] rebuilding @ http://localhost:3000/_next/static/chunks/0w-c_next_dist_0p-2-1e._.js:2431
[  861661ms] [LOG] [Fast Refresh] done in 368ms @ http://localhost:3000/_next/static/chunks/0w-c_next_dist_0p-2-1e._.js:2431
[  861818ms] [LOG] [Fast Refresh] rebuilding @ http://localhost:3000/_next/static/chunks/0w-c_next_dist_0p-2-1e._.js:2431
[  861912ms] [LOG] [Fast Refresh] done in 200ms @ http://localhost:3000/_next/static/chunks/0w-c_next_dist_0p-2-1e._.js:2431
[  862129ms] [LOG] [Fast Refresh] rebuilding @ http://localhost:3000/_next/static/chunks/0w-c_next_dist_0p-2-1e._.js:2431
[  862798ms] [LOG] [Fast Refresh] done in 770ms @ http://localhost:3000/_next/static/chunks/0w-c_next_dist_0p-2-1e._.js:2431
[  867326ms] [LOG] [Fast Refresh] rebuilding @ http://localhost:3000/_next/static/chunks/0w-c_next_dist_0p-2-1e._.js:2431
[  867439ms] [LOG] [Fast Refresh] done in 226ms @ http://localhost:3000/_next/static/chunks/0w-c_next_dist_0p-2-1e._.js:2431
[  887734ms] [LOG] [Fast Refresh] rebuilding @ http://localhost:3000/_next/static/chunks/0w-c_next_dist_0p-2-1e._.js:2431
[  888158ms] [LOG] [Fast Refresh] done in 536ms @ http://localhost:3000/_next/static/chunks/0w-c_next_dist_0p-2-1e._.js:2431
[  888275ms] [LOG] [Fast Refresh] rebuilding @ http://localhost:3000/_next/static/chunks/0w-c_next_dist_0p-2-1e._.js:2431
[  888674ms] [LOG] [Fast Refresh] done in 500ms @ http://localhost:3000/_next/static/chunks/0w-c_next_dist_0p-2-1e._.js:2431
[  941294ms] [LOG] [Fast Refresh] rebuilding @ http://localhost:3000/_next/static/chunks/0w-c_next_dist_0p-2-1e._.js:2431
[  941422ms] [LOG] [Fast Refresh] done in 231ms @ http://localhost:3000/_next/static/chunks/0w-c_next_dist_0p-2-1e._.js:2431
[  950512ms] [LOG] [Fast Refresh] rebuilding @ http://localhost:3000/_next/static/chunks/0w-c_next_dist_0p-2-1e._.js:2431
[  951665ms] [LOG] [Fast Refresh] done in 1254ms @ http://localhost:3000/_next/static/chunks/0w-c_next_dist_0p-2-1e._.js:2431
[  951962ms] [LOG] [Fast Refresh] rebuilding @ http://localhost:3000/_next/static/chunks/0w-c_next_dist_0p-2-1e._.js:2431
[  953098ms] [LOG] [Fast Refresh] done in 1238ms @ http://localhost:3000/_next/static/chunks/0w-c_next_dist_0p-2-1e._.js:2431
[ 1012679ms] [LOG] [Fast Refresh] rebuilding @ http://localhost:3000/_next/static/chunks/0w-c_next_dist_0p-2-1e._.js:2431
[ 1012757ms] [LOG] [Fast Refresh] done in 194ms @ http://localhost:3000/_next/static/chunks/0w-c_next_dist_0p-2-1e._.js:2431
[ 1013186ms] [LOG] [Fast Refresh] rebuilding @ http://localhost:3000/_next/static/chunks/0w-c_next_dist_0p-2-1e._.js:2431
[ 1013312ms] [LOG] [Fast Refresh] done in 239ms @ http://localhost:3000/_next/static/chunks/0w-c_next_dist_0p-2-1e._.js:2431
[ 1013422ms] [LOG] [Fast Refresh] rebuilding @ http://localhost:3000/_next/static/chunks/0w-c_next_dist_0p-2-1e._.js:2431
[ 1013450ms] [LOG] [Fast Refresh] done in 136ms @ http://localhost:3000/_next/static/chunks/0w-c_next_dist_0p-2-1e._.js:2431
